<?xml version="1.0" encoding="UTF-8" ?>
<testsuite tests="1" failures="0" name="com.idird.taxcalculator.TaxCalculatorTest" time="0.002" errors="0" skipped="0">
  <properties>
    <property name="java.runtime.name" value="Java(TM) SE Runtime Environment"/>
    <property name="sun.boot.library.path" value="D:\idird\dev\env\jdk1.8.0_151\jre\bin"/>
    <property name="java.vm.version" value="25.151-b12"/>
    <property name="java.vm.vendor" value="Oracle Corporation"/>
    <property name="maven.multiModuleProjectDirectory" value="D:\idird\dev\perso\labs-repo\tax-calculator\tax-calculator"/>
    <property name="java.vendor.url" value="http://java.oracle.com/"/>
    <property name="path.separator" value=";"/>
    <property name="guice.disable.misplaced.annotation.check" value="true"/>
    <property name="java.vm.name" value="Java HotSpot(TM) Client VM"/>
    <property name="file.encoding.pkg" value="sun.io"/>
    <property name="user.script" value=""/>
    <property name="user.country" value="FR"/>
    <property name="sun.java.launcher" value="SUN_STANDARD"/>
    <property name="sun.os.patch.level" value=""/>
    <property name="java.vm.specification.name" value="Java Virtual Machine Specification"/>
    <property name="user.dir" value="D:\idird\dev\perso\labs-repo\tax-calculator\tax-calculator"/>
    <property name="java.runtime.version" value="1.8.0_151-b12"/>
    <property name="java.awt.graphicsenv" value="sun.awt.Win32GraphicsEnvironment"/>
    <property name="java.endorsed.dirs" value="D:\idird\dev\env\jdk1.8.0_151\jre\lib\endorsed"/>
    <property name="os.arch" value="x86"/>
    <property name="java.io.tmpdir" value="d:\Profiles\idird\AppData\Local\Temp\"/>
    <property name="line.separator" value="
"/>
    <property name="java.vm.specification.vendor" value="Oracle Corporation"/>
    <property name="user.variant" value=""/>
    <property name="os.name" value="Windows 10"/>
    <property name="classworlds.conf" value="D:\idird\dev\env\apache-maven-3.5.3\bin\..\bin\m2.conf"/>
    <property name="sun.jnu.encoding" value="Cp1252"/>
    <property name="java.library.path" value="D:\idird\dev\env\jdk1.8.0_151\bin;C:\WINDOWS\Sun\Java\bin;C:\WINDOWS\system32;C:\WINDOWS;D:\idird\dev\cmder\bin;D:\idird\dev\cmder\vendor\conemu-maximus5\ConEmu\Scripts;D:\idird\dev\cmder\vendor\conemu-maximus5;D:\idird\dev\cmder\vendor\conemu-maximus5\ConEmu;C:\WINDOWS\system32;C:\WINDOWS;C:\WINDOWS\System32\Wbem;C:\WINDOWS\System32\WindowsPowerShell\v1.0\;C:\app\IDIRD\product\12.1.0\client_1;C:\app\IDIRD\product\12.1.0\client_1\Network\Admin;C:\app\IDIRD\product\12.1.0\client_1\bin;D:\idird\dev\env\apache-maven-3.5.3\bin;C:\Program Files\TortoiseSVN\bin;C:\Cassiopae\batches\BRED-PROD\bin\Windows;C:\Program Files\Git\cmd;C:\app\IDIRD\product\12.1.0\client_1;C:\app\IDIRD\product\12.1.0\client_1\bin;C:\Program Files (x86)\Skype\Phone\;D:\idird\dev\env\jdk1.8.0_151\bin;C:\Program Files\PuTTY\;C:\ProgramData\Oracle\Java\javapath;C:\Program Files\nodejs\;D:\idird\dev\perso\RabbitMQ\Handle;d:\Profiles\idird\AppData\Local\atom\bin;d:\Profiles\idird\AppData\Roaming\npm;C:\Program Files\Docker Toolbox;C:\Program Files\Git\usr\bin;C:\Program Files\Git\usr\share\vim\vim74;D:\idird\dev\cmder\;."/>
    <property name="maven.conf" value="D:\idird\dev\env\apache-maven-3.5.3\bin\../conf"/>
    <property name="java.specification.name" value="Java Platform API Specification"/>
    <property name="java.class.version" value="52.0"/>
    <property name="sun.management.compiler" value="HotSpot Client Compiler"/>
    <property name="os.version" value="10.0"/>
    <property name="library.jansi.path" value="D:\idird\dev\env\apache-maven-3.5.3\bin\..\lib\jansi-native"/>
    <property name="user.home" value="d:\Profiles\idird"/>
    <property name="user.timezone" value="Europe/Paris"/>
    <property name="java.awt.printerjob" value="sun.awt.windows.WPrinterJob"/>
    <property name="java.specification.version" value="1.8"/>
    <property name="file.encoding" value="Cp1252"/>
    <property name="user.name" value="IDIRD"/>
    <property name="java.class.path" value="D:\idird\dev\env\apache-maven-3.5.3\bin\..\boot\plexus-classworlds-2.5.2.jar"/>
    <property name="java.vm.specification.version" value="1.8"/>
    <property name="sun.arch.data.model" value="32"/>
    <property name="java.home" value="D:\idird\dev\env\jdk1.8.0_151\jre"/>
    <property name="sun.java.command" value="org.codehaus.plexus.classworlds.launcher.Launcher clean install"/>
    <property name="java.specification.vendor" value="Oracle Corporation"/>
    <property name="user.language" value="fr"/>
    <property name="awt.toolkit" value="sun.awt.windows.WToolkit"/>
    <property name="java.vm.info" value="mixed mode"/>
    <property name="java.version" value="1.8.0_151"/>
    <property name="java.ext.dirs" value="D:\idird\dev\env\jdk1.8.0_151\jre\lib\ext;C:\WINDOWS\Sun\Java\lib\ext"/>
    <property name="sun.boot.class.path" value="D:\idird\dev\env\jdk1.8.0_151\jre\lib\resources.jar;D:\idird\dev\env\jdk1.8.0_151\jre\lib\rt.jar;D:\idird\dev\env\jdk1.8.0_151\jre\lib\sunrsasign.jar;D:\idird\dev\env\jdk1.8.0_151\jre\lib\jsse.jar;D:\idird\dev\env\jdk1.8.0_151\jre\lib\jce.jar;D:\idird\dev\env\jdk1.8.0_151\jre\lib\charsets.jar;D:\idird\dev\env\jdk1.8.0_151\jre\lib\jfr.jar;D:\idird\dev\env\jdk1.8.0_151\jre\classes"/>
    <property name="sun.stderr.encoding" value="cp850"/>
    <property name="java.vendor" value="Oracle Corporation"/>
    <property name="maven.home" value="D:\idird\dev\env\apache-maven-3.5.3\bin\.."/>
    <property name="file.separator" value="\"/>
    <property name="java.vendor.url.bug" value="http://bugreport.sun.com/bugreport/"/>
    <property name="sun.cpu.endian" value="little"/>
    <property name="sun.io.unicode.encoding" value="UnicodeLittle"/>
    <property name="sun.stdout.encoding" value="cp850"/>
    <property name="sun.desktop" value="windows"/>
    <property name="sun.cpu.isalist" value="pentium_pro+mmx pentium_pro pentium+mmx pentium i486 i386 i86"/>
  </properties>
  <testcase classname="com.idird.taxcalculator.TaxCalculatorTest" name="testApp" time="0.002"/>
</testsuite>